Using pre-set license
Built from '2022.3/release' branch; Version is '2022.3.12f1 (4fe6e059c7ef) revision 5236448'; Using compiler version '192829333'; Build Type 'Release'
OS: 'Windows 11  (10.0.22621) 64bit Core' Language: 'ko' Physical Memory: 8025 MB
BatchMode: 1, IsHumanControllingUs: 0, StartBugReporterOnCrash: 0, Is64bit: 1, IsPro: 1

COMMAND LINE ARGUMENTS:
C:\Program Files\Unity\Hub\Editor\2022.3.12f1\Editor\Unity.exe
-adb2
-batchMode
-noUpm
-name
AssetImportWorker0
-projectPath
C:/Unity/3_AnimalMatch
-logFile
Logs/AssetImportWorker0.log
-srvPort
56788
Successfully changed project path to: C:/Unity/3_AnimalMatch
C:/Unity/3_AnimalMatch
[UnityMemory] Configuration Parameters - Can be set up in boot.config
    "memorysetup-bucket-allocator-granularity=16"
    "memorysetup-bucket-allocator-bucket-count=8"
    "memorysetup-bucket-allocator-block-size=33554432"
    "memorysetup-bucket-allocator-block-count=8"
    "memorysetup-main-allocator-block-size=16777216"
    "memorysetup-thread-allocator-block-size=16777216"
    "memorysetup-gfx-main-allocator-block-size=16777216"
    "memorysetup-gfx-thread-allocator-block-size=16777216"
    "memorysetup-cache-allocator-block-size=4194304"
    "memorysetup-typetree-allocator-block-size=2097152"
    "memorysetup-profiler-bucket-allocator-granularity=16"
    "memorysetup-profiler-bucket-allocator-bucket-count=8"
    "memorysetup-profiler-bucket-allocator-block-size=33554432"
    "memorysetup-profiler-bucket-allocator-block-count=8"
    "memorysetup-profiler-allocator-block-size=16777216"
    "memorysetup-profiler-editor-allocator-block-size=1048576"
    "memorysetup-temp-allocator-size-main=16777216"
    "memorysetup-job-temp-allocator-block-size=2097152"
    "memorysetup-job-temp-allocator-block-size-background=1048576"
    "memorysetup-job-temp-allocator-reduction-small-platforms=262144"
    "memorysetup-allocator-temp-initial-block-size-main=262144"
    "memorysetup-allocator-temp-initial-block-size-worker=262144"
    "memorysetup-temp-allocator-size-background-worker=32768"
    "memorysetup-temp-allocator-size-job-worker=262144"
    "memorysetup-temp-allocator-size-preload-manager=33554432"
    "memorysetup-temp-allocator-size-nav-mesh-worker=65536"
    "memorysetup-temp-allocator-size-audio-worker=65536"
    "memorysetup-temp-allocator-size-cloud-worker=32768"
    "memorysetup-temp-allocator-size-gi-baking-worker=262144"
    "memorysetup-temp-allocator-size-gfx=262144"
Player connection [7836] Host "[IP] 172.30.1.1 [Port] 0 [Flags] 2 [Guid] 2908196208 [EditorId] 2908196208 [Version] 1048832 [Id] WindowsEditor(7,DESKTOP-OQKB88H) [Debug] 1 [PackageName] WindowsEditor [ProjectName] Editor" joined multi-casting on [225.0.0.222:54997]...

Player connection [7836] Host "[IP] 172.30.1.1 [Port] 0 [Flags] 2 [Guid] 2908196208 [EditorId] 2908196208 [Version] 1048832 [Id] WindowsEditor(7,DESKTOP-OQKB88H) [Debug] 1 [PackageName] WindowsEditor [ProjectName] Editor" joined alternative multi-casting on [225.0.0.222:34997]...

[Physics::Module] Initialized MultithreadedJobDispatcher with 7 workers.
Refreshing native plugins compatible for Editor in 30.86 ms, found 4 plugins.
Preloading 0 native plugins for Editor in 0.00 ms.
Initialize engine version: 2022.3.12f1 (4fe6e059c7ef)
[Subsystems] Discovering subsystems at path C:/Program Files/Unity/Hub/Editor/2022.3.12f1/Editor/Data/Resources/UnitySubsystems
[Subsystems] Discovering subsystems at path C:/Unity/3_AnimalMatch/Assets
GfxDevice: creating device client; threaded=0; jobified=0
Direct3D:
    Version:  Direct3D 11.0 [level 11.1]
    Renderer: Intel(R) UHD Graphics 620 (ID=0x5917)
    Vendor:   Intel
    VRAM:     4012 MB
    Driver:   23.20.16.4849
Initialize mono
Mono path[0] = 'C:/Program Files/Unity/Hub/Editor/2022.3.12f1/Editor/Data/Managed'
Mono path[1] = 'C:/Program Files/Unity/Hub/Editor/2022.3.12f1/Editor/Data/MonoBleedingEdge/lib/mono/unityjit-win32'
Mono config path = 'C:/Program Files/Unity/Hub/Editor/2022.3.12f1/Editor/Data/MonoBleedingEdge/etc'
Using monoOptions --debugger-agent=transport=dt_socket,embedding=1,server=y,suspend=n,address=127.0.0.1:56812
Begin MonoManager ReloadAssembly
Registering precompiled unity dll's ...
Register platform support module: C:/Program Files/Unity/Hub/Editor/2022.3.12f1/Editor/Data/PlaybackEngines/WebGLSupport/UnityEditor.WebGL.Extensions.dll
Register platform support module: C:/Program Files/Unity/Hub/Editor/2022.3.12f1/Editor/Data/PlaybackEngines/AndroidPlayer/UnityEditor.Android.Extensions.dll
Register platform support module: C:/Program Files/Unity/Hub/Editor/2022.3.12f1/Editor/Data/PlaybackEngines/iOSSupport/UnityEditor.iOS.Extensions.dll
Register platform support module: C:/Program Files/Unity/Hub/Editor/2022.3.12f1/Editor/Data/PlaybackEngines/WindowsStandaloneSupport/UnityEditor.WindowsStandalone.Extensions.dll
Registered in 0.031875 seconds.
- Loaded All Assemblies, in  1.060 seconds
Native extension for WindowsStandalone target not found
[usbmuxd] Start listen thread
[usbmuxd] Listen thread started
Native extension for iOS target not found
Native extension for Android target not found
Android Extension - Scanning For ADB Devices 702 ms
Native extension for WebGL target not found
Mono: successfully reloaded assembly
- Finished resetting the current domain, in  1.549 seconds
Domain Reload Profiling: 2606ms
	BeginReloadAssembly (289ms)
		ExecutionOrderSort (0ms)
		DisableScriptedObjects (0ms)
		BackupInstance (0ms)
		ReleaseScriptingObjects (0ms)
		CreateAndSetChildDomain (2ms)
	RebuildCommonClasses (77ms)
	RebuildNativeTypeToScriptingClass (26ms)
	initialDomainReloadingComplete (166ms)
	LoadAllAssembliesAndSetupDomain (499ms)
		LoadAssemblies (287ms)
		RebuildTransferFunctionScriptingTraits (0ms)
		AnalyzeDomain (493ms)
			TypeCache.Refresh (487ms)
				TypeCache.ScanAssembly (428ms)
			ScanForSourceGeneratedMonoScriptInfo (1ms)
			ResolveRequiredComponents (3ms)
	FinalizeReload (1550ms)
		ReleaseScriptCaches (0ms)
		RebuildScriptCaches (0ms)
		SetupLoadedEditorAssemblies (1380ms)
			LogAssemblyErrors (0ms)
			InitializePlatformSupportModulesInManaged (1004ms)
			SetLoadedEditorAssemblies (9ms)
			RefreshPlugins (0ms)
			BeforeProcessingInitializeOnLoad (6ms)
			ProcessInitializeOnLoadAttributes (237ms)
			ProcessInitializeOnLoadMethodAttributes (124ms)
			AfterProcessingInitializeOnLoad (0ms)
			EditorAssembliesLoaded (0ms)
		ExecutionOrderSort2 (0ms)
		AwakeInstancesAfterBackupRestoration (0ms)
========================================================================
Worker process is ready to serve import requests
Begin MonoManager ReloadAssembly
- Loaded All Assemblies, in  1.871 seconds
Refreshing native plugins compatible for Editor in 13.96 ms, found 4 plugins.
Native extension for WindowsStandalone target not found
Native extension for iOS target not found
Native extension for Android target not found
Native extension for WebGL target not found
Package Manager log level set to [2]
[Package Manager] Server::EnsureServerProcessIsRunning -- launch failed, reason: Unity was launched with the -noUpm command-line argument
[Package Manager] UpmClient::Send -- Unable to send message (not connected to UPM process).
[Package Manager] Cannot connect to Unity Package Manager local server
Mono: successfully reloaded assembly
- Finished resetting the current domain, in  1.540 seconds
Domain Reload Profiling: 3404ms
	BeginReloadAssembly (355ms)
		ExecutionOrderSort (0ms)
		DisableScriptedObjects (12ms)
		BackupInstance (0ms)
		ReleaseScriptingObjects (0ms)
		CreateAndSetChildDomain (49ms)
	RebuildCommonClasses (81ms)
	RebuildNativeTypeToScriptingClass (30ms)
	initialDomainReloadingComplete (98ms)
	LoadAllAssembliesAndSetupDomain (1300ms)
		LoadAssemblies (994ms)
		RebuildTransferFunctionScriptingTraits (0ms)
		AnalyzeDomain (524ms)
			TypeCache.Refresh (461ms)
				TypeCache.ScanAssembly (417ms)
			ScanForSourceGeneratedMonoScriptInfo (50ms)
			ResolveRequiredComponents (12ms)
	FinalizeReload (1541ms)
		ReleaseScriptCaches (0ms)
		RebuildScriptCaches (0ms)
		SetupLoadedEditorAssemblies (1129ms)
			LogAssemblyErrors (0ms)
			InitializePlatformSupportModulesInManaged (87ms)
			SetLoadedEditorAssemblies (12ms)
			RefreshPlugins (0ms)
			BeforeProcessingInitializeOnLoad (179ms)
			ProcessInitializeOnLoadAttributes (742ms)
			ProcessInitializeOnLoadMethodAttributes (94ms)
			AfterProcessingInitializeOnLoad (15ms)
			EditorAssembliesLoaded (1ms)
		ExecutionOrderSort2 (0ms)
		AwakeInstancesAfterBackupRestoration (16ms)
Launched and connected shader compiler UnityShaderCompiler.exe after 0.12 seconds
Refreshing native plugins compatible for Editor in 14.15 ms, found 4 plugins.
Preloading 0 native plugins for Editor in 0.00 ms.
Unloading 4043 Unused Serialized files (Serialized files now loaded: 0)
Unloading 72 unused Assets / (245.3 KB). Loaded Objects now: 4506.
Memory consumption went from 157.2 MB to 157.0 MB.
Total: 8.067400 ms (FindLiveObjects: 0.602000 ms CreateObjectMapping: 0.496400 ms MarkObjects: 6.555300 ms  DeleteObjects: 0.411500 ms)

AssetImportParameters requested are different than current active one (requested -> active):
  custom:container-demuxer-ogg: 62fdf1f143b41e24485cea50d1cbac27 -> 
  custom:video-decoder-ogg-theora: a1e56fd34408186e4bbccfd4996cb3dc -> 
  custom:framework-win-MediaFoundation: 216162199b28c13a410421893ffa2e32 -> 
  custom:CustomObjectIndexerAttribute: 756ad292c208cfabdd7b50bc23989ffe -> 
  custom:container-demuxer-webm: 4f35f7cbe854078d1ac9338744f61a02 -> 
  custom:container-muxer-webm: aa71ff27fc2769a1b78a27578f13a17b -> 
  custom:video-decoder-webm-vp8: 9c59270c3fd7afecdb556c50c9e8de78 -> 
  custom:SearchIndexIgnoredProperties: e643bd26f0fe6173181afceb89e7c659 -> 
  custom:AudioImporter_EditorPlatform: d09bf68614088b80899f8185d706f6e7 -> 
  custom:video-encoder-webm-vp8: eb34c28f22e8b96e1ab97ce403110664 -> 
  custom:audio-decoder-ogg-vorbis: bf7c407c2cedff20999df2af8eb42d56 -> 
  custom:audio-encoder-webm-vorbis: bf7c407c2cedff20999df2af8eb42d56 -> 
========================================================================
Received Import Request.
  Time since last request: 385342.007993 seconds.
  path: Assets/Prefabs/Card.prefab
  artifactKey: Guid(5518ef702a9223f47a76ba97e72c5ee0) Importer(815301076,1909f56bfc062723c751e8b465ee728b)
Start importing Assets/Prefabs/Card.prefab using Guid(5518ef702a9223f47a76ba97e72c5ee0) Importer(815301076,1909f56bfc062723c751e8b465ee728b)  -> (artifact id: '9267377fe5adea8ec6b3c05716feeab4') in 0.174559 seconds
Number of updated asset objects reloaded before import = 0
Number of asset objects unloaded after import = 11
========================================================================
Received Import Request.
  Time since last request: 10.807369 seconds.
  path: Assets/Prefabs/Card.prefab
  artifactKey: Guid(5518ef702a9223f47a76ba97e72c5ee0) Importer(815301076,1909f56bfc062723c751e8b465ee728b)
Start importing Assets/Prefabs/Card.prefab using Guid(5518ef702a9223f47a76ba97e72c5ee0) Importer(815301076,1909f56bfc062723c751e8b465ee728b)  -> (artifact id: '1960e16c59bd1bd1b053901d0b8eaea7') in 0.055444 seconds
Number of updated asset objects reloaded before import = 0
Number of asset objects unloaded after import = 16
========================================================================
Received Import Request.
  Time since last request: 3.746623 seconds.
  path: Assets/Prefabs/Card.prefab
  artifactKey: Guid(5518ef702a9223f47a76ba97e72c5ee0) Importer(815301076,1909f56bfc062723c751e8b465ee728b)
Start importing Assets/Prefabs/Card.prefab using Guid(5518ef702a9223f47a76ba97e72c5ee0) Importer(815301076,1909f56bfc062723c751e8b465ee728b)  -> (artifact id: '8c5105e4c7691434d99645cea32118ed') in 0.066550 seconds
Number of updated asset objects reloaded before import = 0
Number of asset objects unloaded after import = 16
========================================================================
Received Import Request.
  Time since last request: 8.847339 seconds.
  path: Assets/Prefabs/Card.prefab
  artifactKey: Guid(5518ef702a9223f47a76ba97e72c5ee0) Importer(815301076,1909f56bfc062723c751e8b465ee728b)
Start importing Assets/Prefabs/Card.prefab using Guid(5518ef702a9223f47a76ba97e72c5ee0) Importer(815301076,1909f56bfc062723c751e8b465ee728b)  -> (artifact id: '6e764840285796772b398871d36fa0ac') in 0.061716 seconds
Number of updated asset objects reloaded before import = 0
Number of asset objects unloaded after import = 16
========================================================================
Received Import Request.
  Time since last request: 15.296452 seconds.
  path: Assets/Prefabs/Card.prefab
  artifactKey: Guid(5518ef702a9223f47a76ba97e72c5ee0) Importer(815301076,1909f56bfc062723c751e8b465ee728b)
Start importing Assets/Prefabs/Card.prefab using Guid(5518ef702a9223f47a76ba97e72c5ee0) Importer(815301076,1909f56bfc062723c751e8b465ee728b)  -> (artifact id: 'dad4c46ed44f93e56b98095a206709d8') in 0.049886 seconds
Number of updated asset objects reloaded before import = 0
Number of asset objects unloaded after import = 16
========================================================================
Received Import Request.
  Time since last request: 9.850181 seconds.
  path: Assets/Prefabs/Card.prefab
  artifactKey: Guid(5518ef702a9223f47a76ba97e72c5ee0) Importer(815301076,1909f56bfc062723c751e8b465ee728b)
Start importing Assets/Prefabs/Card.prefab using Guid(5518ef702a9223f47a76ba97e72c5ee0) Importer(815301076,1909f56bfc062723c751e8b465ee728b)  -> (artifact id: '5bb8aaf6af45310118fcedb12693eabc') in 0.057405 seconds
Number of updated asset objects reloaded before import = 0
Number of asset objects unloaded after import = 16
========================================================================
Received Import Request.
  Time since last request: 2.370474 seconds.
  path: Assets/Prefabs/Card.prefab
  artifactKey: Guid(5518ef702a9223f47a76ba97e72c5ee0) Importer(815301076,1909f56bfc062723c751e8b465ee728b)
Start importing Assets/Prefabs/Card.prefab using Guid(5518ef702a9223f47a76ba97e72c5ee0) Importer(815301076,1909f56bfc062723c751e8b465ee728b)  -> (artifact id: '1235911f09971874518b921cf31ca329') in 0.073941 seconds
Number of updated asset objects reloaded before import = 0
Number of asset objects unloaded after import = 16
========================================================================
Received Import Request.
  Time since last request: 12.044647 seconds.
  path: Assets/Prefabs/Card.prefab
  artifactKey: Guid(5518ef702a9223f47a76ba97e72c5ee0) Importer(815301076,1909f56bfc062723c751e8b465ee728b)
Start importing Assets/Prefabs/Card.prefab using Guid(5518ef702a9223f47a76ba97e72c5ee0) Importer(815301076,1909f56bfc062723c751e8b465ee728b)  -> (artifact id: 'e49e2396ff3a78a72301cc3af9dac4c1') in 0.046353 seconds
Number of updated asset objects reloaded before import = 0
Number of asset objects unloaded after import = 16
========================================================================
Received Import Request.
  Time since last request: 4.645907 seconds.
  path: Assets/Prefabs/Card.prefab
  artifactKey: Guid(5518ef702a9223f47a76ba97e72c5ee0) Importer(815301076,1909f56bfc062723c751e8b465ee728b)
Start importing Assets/Prefabs/Card.prefab using Guid(5518ef702a9223f47a76ba97e72c5ee0) Importer(815301076,1909f56bfc062723c751e8b465ee728b)  -> (artifact id: '939a67e141d82f84ff1085287f4d63ad') in 0.050969 seconds
Number of updated asset objects reloaded before import = 0
Number of asset objects unloaded after import = 16
========================================================================
Received Import Request.
  Time since last request: 8.096783 seconds.
  path: Assets/Prefabs/Card.prefab
  artifactKey: Guid(5518ef702a9223f47a76ba97e72c5ee0) Importer(815301076,1909f56bfc062723c751e8b465ee728b)
Start importing Assets/Prefabs/Card.prefab using Guid(5518ef702a9223f47a76ba97e72c5ee0) Importer(815301076,1909f56bfc062723c751e8b465ee728b)  -> (artifact id: 'e17e70c218c50fa09637fca959441e54') in 0.060745 seconds
Number of updated asset objects reloaded before import = 0
Number of asset objects unloaded after import = 16
========================================================================
Received Import Request.
  Time since last request: 10.670349 seconds.
  path: Assets/Prefabs/Card.prefab
  artifactKey: Guid(5518ef702a9223f47a76ba97e72c5ee0) Importer(815301076,1909f56bfc062723c751e8b465ee728b)
Start importing Assets/Prefabs/Card.prefab using Guid(5518ef702a9223f47a76ba97e72c5ee0) Importer(815301076,1909f56bfc062723c751e8b465ee728b)  -> (artifact id: '13f1ebb08921b07834a4ce94e76cdc88') in 0.075996 seconds
Number of updated asset objects reloaded before import = 0
Number of asset objects unloaded after import = 16
========================================================================
Received Import Request.
  Time since last request: 1.743999 seconds.
  path: Assets/Prefabs/Card.prefab
  artifactKey: Guid(5518ef702a9223f47a76ba97e72c5ee0) Importer(815301076,1909f56bfc062723c751e8b465ee728b)
Start importing Assets/Prefabs/Card.prefab using Guid(5518ef702a9223f47a76ba97e72c5ee0) Importer(815301076,1909f56bfc062723c751e8b465ee728b)  -> (artifact id: 'ab9e3d559ecb917da677cd0236356dd4') in 0.064852 seconds
Number of updated asset objects reloaded before import = 0
Number of asset objects unloaded after import = 16
========================================================================
Received Import Request.
  Time since last request: 7.413096 seconds.
  path: Assets/Prefabs/Card.prefab
  artifactKey: Guid(5518ef702a9223f47a76ba97e72c5ee0) Importer(815301076,1909f56bfc062723c751e8b465ee728b)
Start importing Assets/Prefabs/Card.prefab using Guid(5518ef702a9223f47a76ba97e72c5ee0) Importer(815301076,1909f56bfc062723c751e8b465ee728b)  -> (artifact id: '1fee60eb31a9b30ee0aa2785c3c4a817') in 0.061243 seconds
Number of updated asset objects reloaded before import = 0
Number of asset objects unloaded after import = 16
========================================================================
Received Import Request.
  Time since last request: 9.250504 seconds.
  path: Assets/Prefabs/Card.prefab
  artifactKey: Guid(5518ef702a9223f47a76ba97e72c5ee0) Importer(815301076,1909f56bfc062723c751e8b465ee728b)
Start importing Assets/Prefabs/Card.prefab using Guid(5518ef702a9223f47a76ba97e72c5ee0) Importer(815301076,1909f56bfc062723c751e8b465ee728b)  -> (artifact id: 'f984702b5206edad8ca7beea3dbe941b') in 0.064412 seconds
Number of updated asset objects reloaded before import = 0
Number of asset objects unloaded after import = 16
========================================================================
Received Import Request.
  Time since last request: 12.685659 seconds.
  path: Assets/Prefabs/Card.prefab
  artifactKey: Guid(5518ef702a9223f47a76ba97e72c5ee0) Importer(815301076,1909f56bfc062723c751e8b465ee728b)
Start importing Assets/Prefabs/Card.prefab using Guid(5518ef702a9223f47a76ba97e72c5ee0) Importer(815301076,1909f56bfc062723c751e8b465ee728b)  -> (artifact id: '2a00a9cec84b51460bd8d54f30b48ffb') in 0.073840 seconds
Number of updated asset objects reloaded before import = 0
Number of asset objects unloaded after import = 16
========================================================================
Received Import Request.
  Time since last request: 5.791472 seconds.
  path: Assets/Prefabs/Card.prefab
  artifactKey: Guid(5518ef702a9223f47a76ba97e72c5ee0) Importer(815301076,1909f56bfc062723c751e8b465ee728b)
Start importing Assets/Prefabs/Card.prefab using Guid(5518ef702a9223f47a76ba97e72c5ee0) Importer(815301076,1909f56bfc062723c751e8b465ee728b)  -> (artifact id: '30009d36a7a61906174209e64cde69e4') in 0.056238 seconds
Number of updated asset objects reloaded before import = 0
Number of asset objects unloaded after import = 16
========================================================================
Received Import Request.
  Time since last request: 2.391758 seconds.
  path: Assets/Prefabs/Card.prefab
  artifactKey: Guid(5518ef702a9223f47a76ba97e72c5ee0) Importer(815301076,1909f56bfc062723c751e8b465ee728b)
Start importing Assets/Prefabs/Card.prefab using Guid(5518ef702a9223f47a76ba97e72c5ee0) Importer(815301076,1909f56bfc062723c751e8b465ee728b)  -> (artifact id: '17a2e773b584cbf8b9e388785608f016') in 0.045336 seconds
Number of updated asset objects reloaded before import = 0
Number of asset objects unloaded after import = 16
========================================================================
Received Import Request.
  Time since last request: 1.356073 seconds.
  path: Assets/Prefabs/Card.prefab
  artifactKey: Guid(5518ef702a9223f47a76ba97e72c5ee0) Importer(815301076,1909f56bfc062723c751e8b465ee728b)
Start importing Assets/Prefabs/Card.prefab using Guid(5518ef702a9223f47a76ba97e72c5ee0) Importer(815301076,1909f56bfc062723c751e8b465ee728b)  -> (artifact id: '52263eda7e75031af453a629e36bdfa9') in 0.052254 seconds
Number of updated asset objects reloaded before import = 0
Number of asset objects unloaded after import = 16
========================================================================
Received Import Request.
  Time since last request: 1.778872 seconds.
  path: Assets/Prefabs/Card.prefab
  artifactKey: Guid(5518ef702a9223f47a76ba97e72c5ee0) Importer(815301076,1909f56bfc062723c751e8b465ee728b)
Start importing Assets/Prefabs/Card.prefab using Guid(5518ef702a9223f47a76ba97e72c5ee0) Importer(815301076,1909f56bfc062723c751e8b465ee728b)  -> (artifact id: '0036771d336da2eda04dd4718d89f385') in 0.053918 seconds
Number of updated asset objects reloaded before import = 0
Number of asset objects unloaded after import = 16
========================================================================
Received Import Request.
  Time since last request: 4.179495 seconds.
  path: Assets/Prefabs/Card.prefab
  artifactKey: Guid(5518ef702a9223f47a76ba97e72c5ee0) Importer(815301076,1909f56bfc062723c751e8b465ee728b)
Start importing Assets/Prefabs/Card.prefab using Guid(5518ef702a9223f47a76ba97e72c5ee0) Importer(815301076,1909f56bfc062723c751e8b465ee728b)  -> (artifact id: 'e77696f178225b2e73b81f97f751170d') in 0.045434 seconds
Number of updated asset objects reloaded before import = 0
Number of asset objects unloaded after import = 16
========================================================================
Received Import Request.
  Time since last request: 24.584146 seconds.
  path: Assets/Prefabs/Card.prefab
  artifactKey: Guid(5518ef702a9223f47a76ba97e72c5ee0) Importer(815301076,1909f56bfc062723c751e8b465ee728b)
Start importing Assets/Prefabs/Card.prefab using Guid(5518ef702a9223f47a76ba97e72c5ee0) Importer(815301076,1909f56bfc062723c751e8b465ee728b)  -> (artifact id: 'fb060a0f5b0fa8e64c0aba8ce55c53be') in 0.058963 seconds
Number of updated asset objects reloaded before import = 0
Number of asset objects unloaded after import = 16
========================================================================
Received Import Request.
  Time since last request: 2.938817 seconds.
  path: Assets/Prefabs/Card.prefab
  artifactKey: Guid(5518ef702a9223f47a76ba97e72c5ee0) Importer(815301076,1909f56bfc062723c751e8b465ee728b)
Start importing Assets/Prefabs/Card.prefab using Guid(5518ef702a9223f47a76ba97e72c5ee0) Importer(815301076,1909f56bfc062723c751e8b465ee728b)  -> (artifact id: 'c23d2e32a3f38ec0d654fc257f870419') in 0.055962 seconds
Number of updated asset objects reloaded before import = 0
Number of asset objects unloaded after import = 16
========================================================================
Received Prepare
Refreshing native plugins compatible for Editor in 13.05 ms, found 4 plugins.
Preloading 0 native plugins for Editor in 0.00 ms.
Unloading 6 Unused Serialized files (Serialized files now loaded: 0)
Unloading 7 unused Assets / (196.4 KB). Loaded Objects now: 4514.
Memory consumption went from 90.3 MB to 90.1 MB.
Total: 9.714200 ms (FindLiveObjects: 0.757500 ms CreateObjectMapping: 0.509400 ms MarkObjects: 8.140500 ms  DeleteObjects: 0.305100 ms)

Prepare: number of updated asset objects reloaded= 0
AssetImportParameters requested are different than current active one (requested -> active):
  custom:container-demuxer-ogg: 62fdf1f143b41e24485cea50d1cbac27 -> 
  custom:video-decoder-ogg-theora: a1e56fd34408186e4bbccfd4996cb3dc -> 
  custom:framework-win-MediaFoundation: 216162199b28c13a410421893ffa2e32 -> 
  custom:CustomObjectIndexerAttribute: 756ad292c208cfabdd7b50bc23989ffe -> 
  custom:container-demuxer-webm: 4f35f7cbe854078d1ac9338744f61a02 -> 
  custom:container-muxer-webm: aa71ff27fc2769a1b78a27578f13a17b -> 
  custom:video-decoder-webm-vp8: 9c59270c3fd7afecdb556c50c9e8de78 -> 
  custom:SearchIndexIgnoredProperties: e643bd26f0fe6173181afceb89e7c659 -> 
  custom:AudioImporter_EditorPlatform: d09bf68614088b80899f8185d706f6e7 -> 
  custom:video-encoder-webm-vp8: eb34c28f22e8b96e1ab97ce403110664 -> 
  custom:audio-decoder-ogg-vorbis: bf7c407c2cedff20999df2af8eb42d56 -> 
  custom:audio-encoder-webm-vorbis: bf7c407c2cedff20999df2af8eb42d56 -> 
========================================================================
Received Prepare
Refreshing native plugins compatible for Editor in 12.74 ms, found 4 plugins.
Preloading 0 native plugins for Editor in 0.00 ms.
Unloading 7 Unused Serialized files (Serialized files now loaded: 0)
Unloading 7 unused Assets / (198.6 KB). Loaded Objects now: 4514.
Memory consumption went from 90.6 MB to 90.4 MB.
Total: 12.444200 ms (FindLiveObjects: 0.611000 ms CreateObjectMapping: 0.569700 ms MarkObjects: 10.926500 ms  DeleteObjects: 0.334900 ms)

Prepare: number of updated asset objects reloaded= 0
AssetImportParameters requested are different than current active one (requested -> active):
  custom:container-demuxer-ogg: 62fdf1f143b41e24485cea50d1cbac27 -> 
  custom:video-decoder-ogg-theora: a1e56fd34408186e4bbccfd4996cb3dc -> 
  custom:framework-win-MediaFoundation: 216162199b28c13a410421893ffa2e32 -> 
  custom:CustomObjectIndexerAttribute: 756ad292c208cfabdd7b50bc23989ffe -> 
  custom:container-demuxer-webm: 4f35f7cbe854078d1ac9338744f61a02 -> 
  custom:container-muxer-webm: aa71ff27fc2769a1b78a27578f13a17b -> 
  custom:video-decoder-webm-vp8: 9c59270c3fd7afecdb556c50c9e8de78 -> 
  custom:SearchIndexIgnoredProperties: e643bd26f0fe6173181afceb89e7c659 -> 
  custom:AudioImporter_EditorPlatform: d09bf68614088b80899f8185d706f6e7 -> 
  custom:video-encoder-webm-vp8: eb34c28f22e8b96e1ab97ce403110664 -> 
  custom:audio-decoder-ogg-vorbis: bf7c407c2cedff20999df2af8eb42d56 -> 
  custom:audio-encoder-webm-vorbis: bf7c407c2cedff20999df2af8eb42d56 -> 
========================================================================
Received Import Request.
  Time since last request: 244.786447 seconds.
  path: Assets/Prefabs/Card.prefab
  artifactKey: Guid(5518ef702a9223f47a76ba97e72c5ee0) Importer(815301076,1909f56bfc062723c751e8b465ee728b)
Start importing Assets/Prefabs/Card.prefab using Guid(5518ef702a9223f47a76ba97e72c5ee0) Importer(815301076,1909f56bfc062723c751e8b465ee728b)  -> (artifact id: 'c0f4c0bc3666ef4a53452f5288a092b5') in 0.093309 seconds
Number of updated asset objects reloaded before import = 0
Number of asset objects unloaded after import = 16
========================================================================
Received Import Request.
  Time since last request: 5.160019 seconds.
  path: Assets/Prefabs/Card.prefab
  artifactKey: Guid(5518ef702a9223f47a76ba97e72c5ee0) Importer(815301076,1909f56bfc062723c751e8b465ee728b)
Start importing Assets/Prefabs/Card.prefab using Guid(5518ef702a9223f47a76ba97e72c5ee0) Importer(815301076,1909f56bfc062723c751e8b465ee728b)  -> (artifact id: 'a9c6866953f76663b96e05ca132390ef') in 0.049509 seconds
Number of updated asset objects reloaded before import = 0
Number of asset objects unloaded after import = 16
========================================================================
Received Import Request.
  Time since last request: 2.577738 seconds.
  path: Assets/Prefabs/Card.prefab
  artifactKey: Guid(5518ef702a9223f47a76ba97e72c5ee0) Importer(815301076,1909f56bfc062723c751e8b465ee728b)
Start importing Assets/Prefabs/Card.prefab using Guid(5518ef702a9223f47a76ba97e72c5ee0) Importer(815301076,1909f56bfc062723c751e8b465ee728b)  -> (artifact id: 'b572b7791fc3cf06f0b2cce6fa2da476') in 0.050654 seconds
Number of updated asset objects reloaded before import = 0
Number of asset objects unloaded after import = 16
========================================================================
Received Import Request.
  Time since last request: 13.412210 seconds.
  path: Assets/Prefabs/Card.prefab
  artifactKey: Guid(5518ef702a9223f47a76ba97e72c5ee0) Importer(815301076,1909f56bfc062723c751e8b465ee728b)
Start importing Assets/Prefabs/Card.prefab using Guid(5518ef702a9223f47a76ba97e72c5ee0) Importer(815301076,1909f56bfc062723c751e8b465ee728b)  -> (artifact id: '75566bf3c32a702b8a3ceac3df2ad6cc') in 0.057761 seconds
Number of updated asset objects reloaded before import = 0
Number of asset objects unloaded after import = 16
========================================================================
Received Import Request.
  Time since last request: 11.286655 seconds.
  path: Assets/Prefabs/Card.prefab
  artifactKey: Guid(5518ef702a9223f47a76ba97e72c5ee0) Importer(815301076,1909f56bfc062723c751e8b465ee728b)
Start importing Assets/Prefabs/Card.prefab using Guid(5518ef702a9223f47a76ba97e72c5ee0) Importer(815301076,1909f56bfc062723c751e8b465ee728b)  -> (artifact id: 'd5f5d53afbe10761735a1b5d43b03bcd') in 0.060267 seconds
Number of updated asset objects reloaded before import = 0
Number of asset objects unloaded after import = 16
========================================================================
Received Import Request.
  Time since last request: 3.580444 seconds.
  path: Assets/Prefabs/Card.prefab
  artifactKey: Guid(5518ef702a9223f47a76ba97e72c5ee0) Importer(815301076,1909f56bfc062723c751e8b465ee728b)
Start importing Assets/Prefabs/Card.prefab using Guid(5518ef702a9223f47a76ba97e72c5ee0) Importer(815301076,1909f56bfc062723c751e8b465ee728b)  -> (artifact id: 'd61db934f3aaf43b014d033a59d132cc') in 0.068273 seconds
Number of updated asset objects reloaded before import = 0
Number of asset objects unloaded after import = 16
========================================================================
Received Prepare
Refreshing native plugins compatible for Editor in 10.81 ms, found 4 plugins.
Preloading 0 native plugins for Editor in 0.00 ms.
Unloading 6 Unused Serialized files (Serialized files now loaded: 0)
Unloading 7 unused Assets / (196.4 KB). Loaded Objects now: 4514.
Memory consumption went from 90.4 MB to 90.2 MB.
Total: 8.689800 ms (FindLiveObjects: 0.586200 ms CreateObjectMapping: 0.477400 ms MarkObjects: 7.216500 ms  DeleteObjects: 0.407400 ms)

Prepare: number of updated asset objects reloaded= 0
AssetImportParameters requested are different than current active one (requested -> active):
  custom:container-demuxer-ogg: 62fdf1f143b41e24485cea50d1cbac27 -> 
  custom:video-decoder-ogg-theora: a1e56fd34408186e4bbccfd4996cb3dc -> 
  custom:framework-win-MediaFoundation: 216162199b28c13a410421893ffa2e32 -> 
  custom:CustomObjectIndexerAttribute: 756ad292c208cfabdd7b50bc23989ffe -> 
  custom:container-demuxer-webm: 4f35f7cbe854078d1ac9338744f61a02 -> 
  custom:container-muxer-webm: aa71ff27fc2769a1b78a27578f13a17b -> 
  custom:video-decoder-webm-vp8: 9c59270c3fd7afecdb556c50c9e8de78 -> 
  custom:SearchIndexIgnoredProperties: e643bd26f0fe6173181afceb89e7c659 -> 
  custom:AudioImporter_EditorPlatform: d09bf68614088b80899f8185d706f6e7 -> 
  custom:video-encoder-webm-vp8: eb34c28f22e8b96e1ab97ce403110664 -> 
  custom:audio-decoder-ogg-vorbis: bf7c407c2cedff20999df2af8eb42d56 -> 
  custom:audio-encoder-webm-vorbis: bf7c407c2cedff20999df2af8eb42d56 -> 
========================================================================
Received Prepare
Refreshing native plugins compatible for Editor in 12.14 ms, found 4 plugins.
Preloading 0 native plugins for Editor in 0.00 ms.
Unloading 7 Unused Serialized files (Serialized files now loaded: 0)
Unloading 7 unused Assets / (198.5 KB). Loaded Objects now: 4514.
Memory consumption went from 90.6 MB to 90.4 MB.
Total: 10.096300 ms (FindLiveObjects: 0.485500 ms CreateObjectMapping: 0.513200 ms MarkObjects: 8.752600 ms  DeleteObjects: 0.343100 ms)

Prepare: number of updated asset objects reloaded= 0
AssetImportParameters requested are different than current active one (requested -> active):
  custom:container-demuxer-ogg: 62fdf1f143b41e24485cea50d1cbac27 -> 
  custom:video-decoder-ogg-theora: a1e56fd34408186e4bbccfd4996cb3dc -> 
  custom:framework-win-MediaFoundation: 216162199b28c13a410421893ffa2e32 -> 
  custom:CustomObjectIndexerAttribute: 756ad292c208cfabdd7b50bc23989ffe -> 
  custom:container-demuxer-webm: 4f35f7cbe854078d1ac9338744f61a02 -> 
  custom:container-muxer-webm: aa71ff27fc2769a1b78a27578f13a17b -> 
  custom:video-decoder-webm-vp8: 9c59270c3fd7afecdb556c50c9e8de78 -> 
  custom:SearchIndexIgnoredProperties: e643bd26f0fe6173181afceb89e7c659 -> 
  custom:AudioImporter_EditorPlatform: d09bf68614088b80899f8185d706f6e7 -> 
  custom:video-encoder-webm-vp8: eb34c28f22e8b96e1ab97ce403110664 -> 
  custom:audio-decoder-ogg-vorbis: bf7c407c2cedff20999df2af8eb42d56 -> 
  custom:audio-encoder-webm-vorbis: bf7c407c2cedff20999df2af8eb42d56 -> 
